2025-02-21 14:36:10,777 - DEBUG - /etc/timezone found, contents:
 America/Puerto_Rico

2025-02-21 14:36:10,778 - DEBUG - /etc/localtime found
2025-02-21 14:36:10,778 - DEBUG - 2 found:
 {'/etc/timezone': 'America/Puerto_Rico', '/etc/localtime is a symlink to': 'America/Puerto_Rico'}
2025-02-21 14:36:10,846 - DEBUG - Using selector: EpollSelector
2025-02-21 14:36:10,847 - INFO - Adding job tentatively -- it will be properly scheduled when the scheduler starts
2025-02-21 14:36:10,848 - INFO - Added job "start_monitoring.<locals>.<lambda>" to job store "default"
2025-02-21 14:36:10,848 - INFO - Scheduler started
2025-02-21 14:36:10,848 - DEBUG - Looking for jobs to run
2025-02-21 14:36:10,848 - DEBUG - Next wakeup is due at 2025-02-21 14:41:10.847157-04:00 (in 299.998537 seconds)
✅ SendGrid API Key loaded successfully.
Database created successfully!
✅Monitoring Services Started...
2025-02-21 14:36:10,848 - INFO - Scheduler has been shut down
2025-02-21 14:36:10,848 - DEBUG - Looking for jobs to run
2025-02-21 14:36:10,849 - DEBUG - No jobs; waiting until a job is added
2025-02-21 14:36:26,404 - DEBUG - /etc/timezone found, contents:
 America/Puerto_Rico

2025-02-21 14:36:26,404 - DEBUG - /etc/localtime found
2025-02-21 14:36:26,405 - DEBUG - 2 found:
 {'/etc/timezone': 'America/Puerto_Rico', '/etc/localtime is a symlink to': 'America/Puerto_Rico'}
2025-02-21 14:36:26,466 - DEBUG - Using selector: EpollSelector
2025-02-21 14:36:26,467 - INFO - Adding job tentatively -- it will be properly scheduled when the scheduler starts
2025-02-21 14:36:26,467 - INFO - Added job "start_monitoring.<locals>.<lambda>" to job store "default"
2025-02-21 14:36:26,467 - INFO - Scheduler started
✅ SendGrid API Key loaded successfully.
Database created successfully!
✅Monitoring Services Started...
2025-02-21 14:36:26,468 - DEBUG - Looking for jobs to run
2025-02-21 14:36:26,468 - INFO - Scheduler has been shut down
2025-02-21 14:36:26,468 - DEBUG - No jobs; waiting until a job is added
2025-02-21 14:36:38,075 - DEBUG - /etc/timezone found, contents:
 America/Puerto_Rico

2025-02-21 14:36:38,076 - DEBUG - /etc/localtime found
2025-02-21 14:36:38,076 - DEBUG - 2 found:
 {'/etc/timezone': 'America/Puerto_Rico', '/etc/localtime is a symlink to': 'America/Puerto_Rico'}
2025-02-21 14:36:38,144 - DEBUG - Using selector: EpollSelector
2025-02-21 14:36:38,145 - INFO - Adding job tentatively -- it will be properly scheduled when the scheduler starts
2025-02-21 14:36:38,146 - INFO - Added job "start_monitoring.<locals>.<lambda>" to job store "default"
2025-02-21 14:36:38,146 - INFO - Scheduler started
2025-02-21 14:36:38,146 - DEBUG - Looking for jobs to run
2025-02-21 14:36:38,146 - DEBUG - Next wakeup is due at 2025-02-21 14:41:38.145454-04:00 (in 299.998696 seconds)
✅ SendGrid API Key loaded successfully.
Database created successfully!
✅Monitoring Services Started...
2025-02-21 14:36:38,147 - INFO - Scheduler has been shut down
2025-02-21 14:36:38,147 - DEBUG - Looking for jobs to run
2025-02-21 14:36:38,147 - DEBUG - No jobs; waiting until a job is added
/etc/timezone is deprecated on Debian, and no longer reliable. Ignoring.
/etc/timezone is deprecated on Debian, and no longer reliable. Ignoring.
/etc/timezone is deprecated on Debian, and no longer reliable. Ignoring.
/etc/timezone is deprecated on Debian, and no longer reliable. Ignoring.
